file main.c: Parsing
Converting
Type-checking main
Generating GOTO Program
Adding CPROVER library
Partial Inlining
Generic Property Instrumentation
Function Pointer Removal
Using intervals domain with binary search solver
Computing SSA of main
Simplifying
Unwinding
*** 0 
(E) $guard#0 == TRUE

*** 1 
(E) $guard#1 == ($cond#0 && $guard#0)

*** 2 
(E) $guard#2 == ($cond#1 && $guard#1)


Computing SSA of c::__CPROVER_initialize
Simplifying
Unwinding
*** 3 file <built-in-additions> line 57
(E) __CPROVER_rounding_mode#3 == 0
(E) $guard#3 == TRUE

*** 4 file <built-in-additions> line 30
(E) __CPROVER_deallocated#4 == NULL

*** 5 file <built-in-additions> line 31
(E) __CPROVER_dead_object#5 == NULL

*** 6 file <built-in-additions> line 32
(E) __CPROVER_malloc_object#6 == NULL

*** 7 file <built-in-additions> line 33
(E) __CPROVER_malloc_size#7 == 0ul

*** 8 file <built-in-additions> line 34
(E) __CPROVER_malloc_is_new_array#8 == FALSE

*** 9 file <built-in-additions> line 35
(E) __CPROVER_memory_leak#9 == NULL

*** 10 file <built-in-additions> line 78
(E) __CPROVER_pipe_count#10 == 0u

*** 11 file <built-in-additions> line 22
(E) __CPROVER_threads_exited#11 == ARRAY_OF(FALSE)

*** 12 file <built-in-additions> line 23
(E) __CPROVER_next_thread_id#12 == 0ul


Computing SSA of c::main
Simplifying
Unwinding
*** 14 file main.c line 2 function main
(E) $guard#14 == TRUE

*** 16 file main.c line 5 function main
(E) i#16 == 0

*** 17 file main.c line 5 function main
(E) A#phi17 == ($guard#ls22 ? A#lb22 : A#14)
(E) i#phi17 == ($guard#ls22 ? i#lb22 : i#16)
(E) $cond#17 == !(i#phi17 < 1024)
(E) $guard#17 == $guard#14

*** 18 file main.c line 6 function main
(E) $guard#18 == (!$cond#17 && $guard#17)
(A) 4 * (signed long int)i#phi17 >= 0 || !$guard#18

*** 19 file main.c line 6 function main
(A) (signed long int)i#phi17 < 2048l || !$guard#18

*** 20 file main.c line 6 function main
(E) A#20 == A#phi17 WITH [(signed long int)i#phi17:=i#phi17]

*** 21 file main.c line 5 function main
(E) i#21 == 1 + i#phi17

*** 22 file main.c line 5 function main
(E) $cond#22 == TRUE

*** 23 file main.c line 10 function main
(E) $guard#23 == ($cond#17 && $guard#17)

*** 25 file main.c line 10 function main
(E) main#return_value#25 == nondet_symbol(ssa::nondet25.1)

*** 26 file main.c line 10 function main
(E) $cond#26 == TRUE

*** 27 file main.c line 10 function main
(E) $guard#27 == ($cond#26 && $guard#23)



Summarizing function main
Function body for main to be analyzed: 
(E) $guard#2 == ($cond#1 && $guard#1)
(E) $guard#1 == ($cond#0 && $guard#0)
(E) $guard#0 == TRUE


pre-inv: TRUE
post-inv: 
solver(): UNSAT

Summary for function main
params: 
returns: 
globals_in: 
globals_out: 
precondition: TRUE
transformer: TRUE

Adding loop invariant: TRUE

Summarizing function c::__CPROVER_initialize
Function body for c::__CPROVER_initialize to be analyzed: 
(E) __CPROVER_pipe_count#10 == 0u
(E) __CPROVER_memory_leak#9 == NULL
(E) __CPROVER_rounding_mode#3 == 0
(E) $guard#3 == TRUE
(E) __CPROVER_next_thread_id#12 == 0ul
(E) __CPROVER_deallocated#4 == NULL
(E) __CPROVER_malloc_is_new_array#8 == FALSE
(E) __CPROVER_malloc_size#7 == 0ul
(E) __CPROVER_malloc_object#6 == NULL
(E) __CPROVER_dead_object#5 == NULL
(E) __CPROVER_threads_exited#11 == ARRAY_OF(FALSE)

(OUT)  $guard#3 ===> 
      ( __CPROVER_rounding_mode#3 <= CONST )
(OUT)  $guard#3 ===> 
      ( -((signed int)__CPROVER_rounding_mode#3) <= CONST )
(OUT)  $guard#3 ===> 
      ( __CPROVER_pipe_count#10 <= CONST )
(OUT)  $guard#3 ===> 
      ( -((signed __CPROVER_bitvector[33])__CPROVER_pipe_count#10) <= CONST )
(OUT)  $guard#3 ===> 
      ( __CPROVER_malloc_size#7 <= CONST )
(OUT)  $guard#3 ===> 
      ( -((signed __CPROVER_bitvector[65])__CPROVER_malloc_size#7) <= CONST )
(OUT)  $guard#3 ===> 
      ( __CPROVER_next_thread_id#12 <= CONST )
(OUT)  $guard#3 ===> 
      ( -((signed __CPROVER_bitvector[65])__CPROVER_next_thread_id#12) <= CONST )

pre-inv: TRUE && TRUE && TRUE && TRUE && TRUE && TRUE && TRUE && TRUE
post-inv: !($guard#3 ==> FALSE) || !($guard#3 ==> FALSE) || !($guard#3 ==> FALSE) || !($guard#3 ==> FALSE) || !($guard#3 ==> FALSE) || !($guard#3 ==> FALSE) || !($guard#3 ==> FALSE) || !($guard#3 ==> FALSE)
solver(): SAT
updating row: 0
raw value; 0, simplified value: 0
updating row: 1
raw value; -((signed int)0), simplified value: 0
updating row: 2
raw value; 0u, simplified value: 0u
updating row: 3
raw value; -((signed __CPROVER_bitvector[33])0u), simplified value: 0
updating row: 4
raw value; 0ul, simplified value: 0ul
updating row: 5
raw value; -((signed __CPROVER_bitvector[65])0ul), simplified value: 0
updating row: 6
raw value; 0ul, simplified value: 0ul
updating row: 7
raw value; -((signed __CPROVER_bitvector[65])0ul), simplified value: 0
pre-inv: TRUE && TRUE && TRUE && TRUE && TRUE && TRUE && TRUE && TRUE
post-inv: !($guard#3 ==> __CPROVER_rounding_mode#3 <= 0) || !($guard#3 ==> -((signed int)__CPROVER_rounding_mode#3) <= 0) || !($guard#3 ==> __CPROVER_pipe_count#10 <= 0u) || !($guard#3 ==> -((signed __CPROVER_bitvector[33])__CPROVER_pipe_count#10) <= 0) || !($guard#3 ==> __CPROVER_malloc_size#7 <= 0ul) || !($guard#3 ==> -((signed __CPROVER_bitvector[65])__CPROVER_malloc_size#7) <= 0) || !($guard#3 ==> __CPROVER_next_thread_id#12 <= 0ul) || !($guard#3 ==> -((signed __CPROVER_bitvector[65])__CPROVER_next_thread_id#12) <= 0)
solver(): UNSAT

Summary for function c::__CPROVER_initialize
params: 
returns: 
globals_in: __CPROVER_threads_exited __CPROVER_malloc_is_new_array __CPROVER_dead_object __CPROVER_deallocated __CPROVER_malloc_object __CPROVER_memory_leak __CPROVER_rounding_mode __CPROVER_pipe_count __CPROVER_malloc_size __CPROVER_next_thread_id 
globals_out: __CPROVER_threads_exited#11 __CPROVER_malloc_is_new_array#8 __CPROVER_dead_object#5 __CPROVER_deallocated#4 __CPROVER_malloc_object#6 __CPROVER_memory_leak#9 __CPROVER_rounding_mode#3 __CPROVER_pipe_count#10 __CPROVER_malloc_size#7 __CPROVER_next_thread_id#12 
precondition: TRUE
transformer: __CPROVER_rounding_mode#3 <= 0 && -((signed int)__CPROVER_rounding_mode#3) <= 0 && __CPROVER_pipe_count#10 <= 0u && -((signed __CPROVER_bitvector[33])__CPROVER_pipe_count#10) <= 0 && __CPROVER_malloc_size#7 <= 0ul && -((signed __CPROVER_bitvector[65])__CPROVER_malloc_size#7) <= 0 && __CPROVER_next_thread_id#12 <= 0ul && -((signed __CPROVER_bitvector[65])__CPROVER_next_thread_id#12) <= 0

Adding loop invariant: TRUE

Summarizing function c::main
summarizer: ../domains/template_domain.cpp:610: static void template_domaint::make_interval_template(template_domaint::templatet&, const var_listt&, const guardst&, const guardst&, const kindst&, const namespacet&): Assertion `vars.size() == pre_guards.size()' failed.
Function body for c::main to be analyzed: 
(E) i#21 == 1 + i#phi17
(A) (signed long int)i#phi17 < 2048l || !$guard#18
(E) $guard#23 == ($cond#17 && $guard#17)
(E) $cond#22 == TRUE
(E) A#phi17 == ($guard#ls22 ? A#lb22 : A#14)
(E) i#phi17 == ($guard#ls22 ? i#lb22 : i#16)
(E) $cond#17 == !(i#phi17 < 1024)
(E) $guard#17 == $guard#14
(E) $guard#18 == (!$cond#17 && $guard#17)
(A) 4 * (signed long int)i#phi17 >= 0 || !$guard#18
(E) i#16 == 0
(E) $guard#14 == TRUE
(E) A#20 == A#phi17 WITH [(signed long int)i#phi17:=i#phi17]
(E) $guard#27 == ($cond#26 && $guard#23)
(E) $cond#26 == TRUE
(E) main#return_value#25 == nondet_symbol(ssa::nondet25.1)

Aborted (core dumped)
EXIT=134
SIGNAL=0
